<?xml version="1.0" encoding="UTF-8"?>
<!-- Generated by org.testng.reporters.JUnitReportReporter -->
<testsuite hostname="LAPTOP-CQ1MVO6F" failures="0" tests="1" name="DynamicJson" time="0.000" errors="1" timestamp="2026-01-04T22:01:17 CST" skipped="0">
  <testcase classname="DynamicJson" name="addBook" time="0.000">
    <error message="com.fasterxml.jackson.databind.exc.MismatchedInputException: Cannot deserialize value of type `java.util.ArrayList&lt;java.util.HashMap&lt;java.lang.String,java.lang.String&gt;&gt;` from Object value (token `JsonToken.START_OBJECT`)
 at [Source: (String)&quot;{
\u0009
{
&quot;name&quot;:&quot;Learn Appium Automation with Java&quot;,
&quot;isbn&quot;:&quot;bcd&quot;,
&quot;aisle&quot;:&quot;2926&quot;,
&quot;author&quot;:&quot;John foer&quot;
}

{
&quot;name&quot;:&quot;Learn Automation with Java&quot;,
&quot;isbn&quot;:&quot;efg&quot;,
&quot;aisle&quot;:&quot;6565&quot;,
&quot;author&quot;:&quot;John&quot;
}

{
&quot;name&quot;:&quot;Learn with Java&quot;,
&quot;isbn&quot;:&quot;hij&quot;,
&quot;aisle&quot;:&quot;2017&quot;,
&quot;author&quot;:&quot;foer&quot;
}

}&quot;; line: 1, column: 1]" type="java.lang.RuntimeException">
      <![CDATA[java.lang.RuntimeException: com.fasterxml.jackson.databind.exc.MismatchedInputException: Cannot deserialize value of type `java.util.ArrayList<java.util.HashMap<java.lang.String,java.lang.String>>` from Object value (token `JsonToken.START_OBJECT`)
 at [Source: (String)"{
\u0009
{
"name":"Learn Appium Automation with Java",
"isbn":"bcd",
"aisle":"2926",
"author":"John foer"
}

{
"name":"Learn Automation with Java",
"isbn":"efg",
"aisle":"6565",
"author":"John"
}

{
"name":"Learn with Java",
"isbn":"hij",
"aisle":"2017",
"author":"foer"
}

}"; line: 1, column: 1]
at org.testng.internal.invokers.MethodInvocationHelper.invokeMethodNoCheckedException(MethodInvocationHelper.java:58)
at org.testng.internal.invokers.MethodInvocationHelper.invokeDataProvider(MethodInvocationHelper.java:159)
at org.testng.internal.Parameters.handleParameters(Parameters.java:809)
at org.testng.internal.Parameters.handleParameters(Parameters.java:734)
at org.testng.internal.invokers.ParameterHandler.handleParameters(ParameterHandler.java:72)
at org.testng.internal.invokers.ParameterHandler.createParameters(ParameterHandler.java:51)
at org.testng.internal.invokers.TestInvoker$MethodInvocationAgent.invoke(TestInvoker.java:949)
at org.testng.internal.invokers.TestInvoker.invokeTestMethods(TestInvoker.java:203)
at org.testng.internal.invokers.TestMethodWorker.invokeTestMethods(TestMethodWorker.java:154)
at org.testng.internal.invokers.TestMethodWorker.run(TestMethodWorker.java:134)
at java.base/java.util.ArrayList.forEach(ArrayList.java:1596)
at org.testng.TestRunner.privateRun(TestRunner.java:741)
at org.testng.TestRunner.run(TestRunner.java:616)
at org.testng.SuiteRunner.runTest(SuiteRunner.java:421)
at org.testng.SuiteRunner.runSequentially(SuiteRunner.java:413)
at org.testng.SuiteRunner.privateRun(SuiteRunner.java:373)
at org.testng.SuiteRunner.run(SuiteRunner.java:312)
at org.testng.SuiteRunnerWorker.runSuite(SuiteRunnerWorker.java:52)
at org.testng.SuiteRunnerWorker.run(SuiteRunnerWorker.java:95)
at org.testng.TestNG.runSuitesSequentially(TestNG.java:1274)
at org.testng.TestNG.runSuitesLocally(TestNG.java:1208)
at org.testng.TestNG.runSuites(TestNG.java:1112)
at org.testng.TestNG.run(TestNG.java:1079)
at org.testng.remote.AbstractRemoteTestNG.run(AbstractRemoteTestNG.java:115)
at org.testng.remote.RemoteTestNG.initAndRun(RemoteTestNG.java:293)
at org.testng.remote.RemoteTestNG.main(RemoteTestNG.java:91)
Caused by: com.fasterxml.jackson.databind.exc.MismatchedInputException: Cannot deserialize value of type `java.util.ArrayList<java.util.HashMap<java.lang.String,java.lang.String>>` from Object value (token `JsonToken.START_OBJECT`)
 at [Source: (String)"{
\u0009
{
"name":"Learn Appium Automation with Java",
"isbn":"bcd",
"aisle":"2926",
"author":"John foer"
}

{
"name":"Learn Automation with Java",
"isbn":"efg",
"aisle":"6565",
"author":"John"
}

{
"name":"Learn with Java",
"isbn":"hij",
"aisle":"2017",
"author":"foer"
}

}"; line: 1, column: 1]
at com.fasterxml.jackson.databind.exc.MismatchedInputException.from(MismatchedInputException.java:59)
at com.fasterxml.jackson.databind.DeserializationContext.reportInputMismatch(DeserializationContext.java:1741)
at com.fasterxml.jackson.databind.DeserializationContext.handleUnexpectedToken(DeserializationContext.java:1515)
at com.fasterxml.jackson.databind.DeserializationContext.handleUnexpectedToken(DeserializationContext.java:1462)
at com.fasterxml.jackson.databind.deser.std.CollectionDeserializer.handleNonArray(CollectionDeserializer.java:392)
at com.fasterxml.jackson.databind.deser.std.CollectionDeserializer.deserialize(CollectionDeserializer.java:252)
at com.fasterxml.jackson.databind.deser.std.CollectionDeserializer.deserialize(CollectionDeserializer.java:28)
at com.fasterxml.jackson.databind.deser.DefaultDeserializationContext.readRootValue(DefaultDeserializationContext.java:323)
at com.fasterxml.jackson.databind.ObjectMapper._readMapAndClose(ObjectMapper.java:4674)
at com.fasterxml.jackson.databind.ObjectMapper.readValue(ObjectMapper.java:3629)
at com.fasterxml.jackson.databind.ObjectMapper.readValue(ObjectMapper.java:3612)
at BaseTest.getJsonData(BaseTest.java:19)
at DynamicJson.getData(DynamicJson.java:35)
at java.base/jdk.internal.reflect.DirectMethodHandleAccessor.invoke(DirectMethodHandleAccessor.java:103)
at java.base/java.lang.reflect.Method.invoke(Method.java:580)
at org.testng.internal.invokers.MethodInvocationHelper.invokeMethod(MethodInvocationHelper.java:141)
at org.testng.internal.invokers.MethodInvocationHelper.invokeMethod(MethodInvocationHelper.java:86)
at org.testng.internal.invokers.MethodInvocationHelper.invokeMethodNoCheckedException(MethodInvocationHelper.java:54)
... 25 more
]]>
    </error>
  </testcase> <!-- addBook -->
</testsuite> <!-- DynamicJson -->
