<?xml version="1.0" encoding="UTF-8"?>
<testng-results ignored="0" total="1" passed="1" failed="0" skipped="0">
  <reporter-output>
  </reporter-output>
  <suite started-at="2026-01-05T18:02:45 CST" name="Default suite" finished-at="2026-01-05T18:02:48 CST" duration-ms="3306">
    <groups>
    </groups>
    <test started-at="2026-01-05T18:02:45 CST" name="Default test" finished-at="2026-01-05T18:02:48 CST" duration-ms="3306">
      <class name="OAuthApi">
        <test-method signature="oauthAPI()[pri:0, instance:OAuthApi@6cf0e0ba]" started-at="2026-01-05T18:02:45 CST" name="oauthAPI" finished-at="2026-01-05T18:02:48 CST" duration-ms="3274" status="PASS">
          <reporter-output>
          </reporter-output>
        </test-method> <!-- oauthAPI -->
      </class> <!-- OAuthApi -->
    </test> <!-- Default test -->
  </suite> <!-- Default suite -->
</testng-results>
